<?xml version="1.0" encoding="UTF-8"?>
<!-- Generated by org.testng.reporters.JUnitReportReporter -->
<testsuite hostname="DESKTOP-RELL2RD" failures="0" tests="2" name="pramodseleniumframework.test.ErrorValidation" time="18.651" errors="0" timestamp="2025-01-19T09:02:12 IST" skipped="0">
  <testcase classname="pramodseleniumframework.test.ErrorValidation" name="LoginErrorValidation" time="7.972"/>
  <testcase classname="pramodseleniumframework.test.ErrorValidation" name="ProductErrorValidation" time="10.679"/>
</testsuite> <!-- pramodseleniumframework.test.ErrorValidation -->
