<?xml version="1.0" encoding="UTF-8"?>
<!-- Generated by org.testng.reporters.JUnitReportReporter -->
<testsuite hostname="DESKTOP-RELL2RD" failures="0" tests="1" name="pramodseleniumframework.test.run" time="9.760" errors="0" timestamp="2025-01-09T01:29:27 IST" skipped="0">
  <testcase classname="pramodseleniumframework.test.run" name="LaunchBrowser" time="9.760"/>
</testsuite> <!-- pramodseleniumframework.test.run -->
