<?xml version="1.0" encoding="UTF-8"?>
<!-- Generated by org.testng.reporters.JUnitReportReporter -->
<testsuite hostname="DESKTOP-RELL2RD" failures="0" tests="2" name="pramodseleniumframework.test.ErrorValidation" time="23.979" errors="0" timestamp="2025-02-12T02:17:09 IST" skipped="0">
  <testcase classname="pramodseleniumframework.test.ErrorValidation" name="ProductErrorValidation" time="15.580"/>
  <testcase classname="pramodseleniumframework.test.ErrorValidation" name="LoginErrorValidation" time="8.399"/>
</testsuite> <!-- pramodseleniumframework.test.ErrorValidation -->
