<?xml version="1.0" encoding="UTF-8"?>
<!-- Generated by org.testng.reporters.JUnitReportReporter -->
<testsuite hostname="DESKTOP-RELL2RD" failures="0" tests="2" name="pramodseleniumframework.test.ActualFramework" time="21.590" errors="0" timestamp="2025-01-10T07:41:06 IST" skipped="0">
  <testcase classname="pramodseleniumframework.test.ActualFramework" name="verifyOrderProduct" time="7.154"/>
  <testcase classname="pramodseleniumframework.test.ActualFramework" name="submitOrder" time="14.436"/>
</testsuite> <!-- pramodseleniumframework.test.ActualFramework -->
