<?xml version="1.0" encoding="UTF-8"?>
<!-- Generated by org.testng.reporters.JUnitReportReporter -->
<testsuite hostname="DESKTOP-RELL2RD" failures="0" tests="3" name="pramodseleniumframework.test.PurchaseOrder" time="30.054" errors="0" timestamp="2025-02-12T02:17:09 IST" skipped="0">
  <testcase classname="pramodseleniumframework.test.PurchaseOrder" name="submitOrder" time="8.616"/>
  <testcase classname="pramodseleniumframework.test.PurchaseOrder" name="verifyOrderProduct" time="7.185"/>
  <testcase classname="pramodseleniumframework.test.PurchaseOrder" name="submitOrder" time="14.253"/>
</testsuite> <!-- pramodseleniumframework.test.PurchaseOrder -->
