<?xml version="1.0" encoding="UTF-8"?>
<!-- Generated by org.testng.reporters.JUnitReportReporter -->
<testsuite hostname="DESKTOP-RELL2RD" failures="0" tests="3" name="pramodseleniumframework.test.PurchaseOrder" time="33.653" errors="0" timestamp="2025-01-19T09:01:22 IST" skipped="0">
  <testcase classname="pramodseleniumframework.test.PurchaseOrder" name="submitOrder" time="13.321"/>
  <testcase classname="pramodseleniumframework.test.PurchaseOrder" name="verifyOrderProduct" time="7.684"/>
  <testcase classname="pramodseleniumframework.test.PurchaseOrder" name="submitOrder" time="12.648"/>
</testsuite> <!-- pramodseleniumframework.test.PurchaseOrder -->
