<?xml version="1.0" encoding="UTF-8"?>
<!-- Generated by org.testng.reporters.JUnitReportReporter -->
<testsuite hostname="DESKTOP-RELL2RD" failures="0" tests="2" name="pramodseleniumframework.test.ActualFramework" time="19.634" errors="0" timestamp="2025-02-12T02:07:05 IST" skipped="0">
  <testcase classname="pramodseleniumframework.test.ActualFramework" name="submitOrder" time="12.425"/>
  <testcase classname="pramodseleniumframework.test.ActualFramework" name="verifyOrderProduct" time="7.209"/>
</testsuite> <!-- pramodseleniumframework.test.ActualFramework -->
