<?xml version="1.0" encoding="UTF-8"?>
<!-- Generated by org.testng.reporters.JUnitReportReporter -->
<testsuite hostname="DESKTOP-RELL2RD" failures="0" tests="1" name="pramodseleniumframework.test.ErrorValidation" time="8.814" errors="0" timestamp="2025-01-21T05:43:49 IST" skipped="0">
  <testcase classname="pramodseleniumframework.test.ErrorValidation" name="LoginErrorValidation" time="8.814"/>
</testsuite> <!-- pramodseleniumframework.test.ErrorValidation -->
