<?xml version="1.0" encoding="UTF-8"?>
<!-- Generated by org.testng.reporters.JUnitReportReporter -->
<testsuite hostname="DESKTOP-RELL2RD" failures="0" tests="1" name="cucumber.TestNGTestRunner" time="8.019" errors="0" timestamp="2025-01-29T03:10:30 IST" skipped="0">
  <testcase classname="cucumber.TestNGTestRunner" name="runScenario" time="8.019"/>
</testsuite> <!-- cucumber.TestNGTestRunner -->
