<?xml version="1.0" encoding="UTF-8"?>
<!-- Generated by org.testng.reporters.JUnitReportReporter -->
<testsuite hostname="DESKTOP-RELL2RD" failures="0" tests="3" name="pramodseleniumframework.test.PurchaseOrder" time="52.545" errors="0" timestamp="2025-01-21T05:39:23 IST" skipped="0">
  <testcase classname="pramodseleniumframework.test.PurchaseOrder" name="verifyOrderProduct" time="7.898"/>
  <testcase classname="pramodseleniumframework.test.PurchaseOrder" name="submitOrder" time="14.321"/>
  <testcase classname="pramodseleniumframework.test.PurchaseOrder" name="submitOrder" time="30.326"/>
</testsuite> <!-- pramodseleniumframework.test.PurchaseOrder -->
